<?xml version="1.0" encoding="UTF-8"?>
<!-- Generated by org.testng.reporters.JUnitReportReporter -->
<testsuite hostname="DevOps" name="com.MavenSelenium.product.google.BasicSeleniumScript" tests="1" failures="0" timestamp="30 Nov 2018 11:13:37 GMT" time="9.421" errors="0">
  <testcase name="testingFirefoxScript1" time="9.421" classname="com.MavenSelenium.product.google.BasicSeleniumScript"/>
</testsuite> <!-- com.MavenSelenium.product.google.BasicSeleniumScript -->
